<!DOCTYPE html>
<html lang="en">

<head>
  <meta charset="UTF-8">
  <meta name="viewport" content="width=device-width, initial-scale=1.0">
  <title>Document</title>
  <link rel="stylesheet" type="text/css" href="https://cdnjs.cloudflare.com/ajax/libs/layui/2.6.8/css/layui.min.css">
  <script type="text/javascript" src="https://cdnjs.cloudflare.com/ajax/libs/layui/2.6.8/layui.min.js"></script>
  <script type="text/javascript" src="https://cdnjs.cloudflare.com/ajax/libs/vue/2.1.8/vue.min.js"></script>
</head>
<style type="text/css">
body {
  background-color: #F4F5F6;
  margin: 0;
  padding: 0;
}

.layui-container {
  margin-top: 50px;
  width: 80vw;
  line-height: 40px;
}

.layui-table {
  margin: 0;
  width: 100%;
  table-layout: fixed;
  font-family: -apple-system, BlinkMacSystemFont, "Segoe UI Adjusted", "Segoe UI", "Liberation Sans", sans-serif;
}

.layui-table ol li {
  list-style: decimal;
  margin-left: 30px;
}

.layui-table td {
  padding: 5px 15px;
  font-size: 14px;
  color: #232629;
  line-height: 20px;
  border: none;
  border-bottom: 0px solid #FFFFFF;
}

.layui-table a {
  font-size: 14px;
  line-height: 20px;
}

.layui-table .left-font {
  text-align: right;
  vertical-align: top;
  font-size: 15px;
  background-color: #F2F3F4;
}

.layui-table[lay-even] tr:nth-child(even) {
  background-color: #F2F3F4;
}

.layui-table[lay-even] tr:nth-child(odd) {
  background-color: #F2F3F4;
}

.layui-panel {
  font-size: 12px;
  color: #232629;
  margin: 10px 0 50px;
  padding: 9px 0;
  background-color: #F2F3F4;
}

.layui-panel a:hover {
  color: #3B4045;
}

.layui-panel .title {
  padding: 5px;
  font-size: 25px;
  line-height: 40px;
  margin: 0 20px 0;
  color: #3B4045;
  font-family: -apple-system, BlinkMacSystemFont, "Segoe UI Adjusted", "Segoe UI", "Liberation Sans", sans-serif;
}

/*mark {*/
/*    background-color: #F0B27A;*/
/*    padding: 1px 3px 1px;*/
/*    border-radius: 3px;*/
/*    line-height: 16px;*/
/*    margin: 0 1px;*/
/*}*/

/*em {*/
/*    font-family: Georgia, Cambria, "Times New Roman", Times, serif;*/
/*    font-size: 15px;*/
/*    margin: 0 5px;*/
/*    text-decoration: underline;*/
/*}*/

/*.layui-table ol li mark {*/
/*    background-color: #CACFD2;*/
/*}*/

code {
  font-family: ui-monospace, "Cascadia Mono", "Segoe UI Mono", "Liberation Mono", Menlo, Monaco, Consolas, monospace;
  font-size: 12px;
  border-radius: 3px;
  line-height: 20px;
  word-wrap: normal;
}

pre {
  padding: 12px;
  width: auto;
  overflow: auto;
  background-color: #E7E8E9;
  border-radius: 3px;
}

.answer-title a {
  font-size: 18px;
  font-weight: bold;
}
</style>

<body>
  <div id="app" class="layui-container">
    <div class="layui-row layui-col-space15">
      <div class="layui-col-md12">
        <div class="layui-panel" style="margin-bottom: 30px;">
          <div class="title"><strong>Query:&nbsp;&nbsp;</strong>
            <a :href="'https://stackoverflow.com/questions/'+post_id" target="_blank" v-html="title">
            </a>
          </div>
        </div>
      </div>
    </div>
    <div class="layui-panel" v-for="(answer, index) in answer">
      <table class="layui-table" lay-even>
        <colgroup>
          <col width="14%">
          <col width="86%">
        </colgroup>
        <tbody>
          <tr>
            <td rowspan="1" class="left-font">
              <strong>Id&nbsp;[<span>{{answer.answer_id}}</span>]</strong>
            </td>
            <td>
              <div class="answer-title">
                <a :href="'https://stackoverflow.com/questions/'+answer.answer_id" target="_blank" v-html="answer.title">
                </a>
              </div>
            </td>
          </tr>
          <tr>
            <td rowspan="1" class="left-font">
              <strong>Environment</strong>
            </td>
            <td>
              <strong>{{answer.environment.join(", ")}}</strong>
            </td>
          </tr>
          <tr>
            <td rowspan="1" class="left-font">
              <strong>Extra Info</strong>
            </td>
            <td>
              <span class="layui-badge layui-bg-black">ViewCount:&nbsp;{{answer.ViewCount}}</span>
              <span class="layui-badge layui-bg-black">Score:&nbsp;{{answer.Score}}</span>
              <span class="layui-badge layui-bg-black">AnswerScore:&nbsp;{{answer.AnswerScore}}</span>
              <span class="layui-badge layui-bg-black">Environment Score:&nbsp;{{answer.environment_score}}</span>
              <span v-show="answer.exception_message_score" class="layui-badge layui-bg-black">Exception Message Score:&nbsp;{{answer.exception_message_score}}</span>
              <span v-show="answer.exception_stack_score" class="layui-badge layui-bg-black">Exception Stack
                Score:&nbsp;{{answer.exception_stack_score}}</span>
              <span v-show="answer.code_score" class="layui-badge layui-bg-black">Code
                Score:&nbsp;{{answer.code_score}}</span>
              <span v-show="answer.symptom_score" class="layui-badge layui-bg-black">Symptom
                Score:&nbsp;{{answer.symptom_score}}</span>
              <span v-show="answer.purpose_score" class="layui-badge layui-bg-black">Purpose
                Score:&nbsp;{{answer.purpose_score}}</span>
            </td>
          </tr>
          <!--          <tr>-->
          <!--            <td rowspan="1" class="left-font">-->
          <!--              <strong>Exception Stack</strong>-->
          <!--            </td>-->
          <!--            <td>-->
          <!--              <div v-for="(exc,) in answer.exception_stack">-->
          <!--                <pre style="max-height: 300px"><code>{{exc}}</code></pre>-->
          <!--              </div>-->
          <!--            </td>-->
          <!--          </tr>-->
          <tr v-show="answer.exception_message">
            <td rowspan="1" class="left-font">
              <strong>Exception Message</strong>
            </td>
            <td>
              <div>
                <pre style="max-height: 300px"><code>{{answer.exception_message}}</code></pre>
              </div>
            </td>
          </tr>
          <tr v-show="answer.symptom">
            <td rowspan="1" class="left-font">
              <strong>Symptom</strong>
            </td>
            <td>
              <p v-for="(symptom,) in answer.symptom">{{symptom}}</p>
            </td>
          </tr>
          <tr v-show="answer.code.length>0">
            <td rowspan="1" class="left-font">
              <strong></strong>
            </td>
            <td>
              <div class="layui-collapse">
                <div class="layui-colla-item" v-for="(code,i) in answer.code">
                  <h2 class="layui-colla-title">code {{i + 1}}</h2>
                  <pre class="layui-colla-content" style="max-height: 300px"><code>{{code}}</code></pre>
                </div>
              </div>
            </td>
          </tr>
          <tr v-show="answer.reason.length>0">
            <td rowspan="1" class="left-font">
              <strong>Reason</strong>
            </td>
            <td>
              <p v-for="(reason,) in answer.reason">{{reason}}</p>
            </td>
          </tr>
          <tr>
            <td rowspan="1" class="left-font">
              <strong>Solution</strong>
            </td>
            <td>
              <p v-for="(solution,) in answer.solution">{{solution}}</p>
            </td>
          </tr>
          <tr v-show="answer.answer_code.length>0">
            <td rowspan="1" class="left-font">
              <strong></strong>
            </td>
            <td>
              <div class="layui-collapse">
                <div class="layui-colla-item" v-for="(answer_code, i) in answer.answer_code">
                  <h2 class="layui-colla-title">code {{i + 1}}</h2>
                  <pre class="layui-colla-content" style="max-height: 600px"><code>{{answer_code}}</code></pre>
                </div>
              </div>
            </td>
          </tr>
        </tbody>
      </table>
    </div>
  </div>
  <script type="text/javascript">
  const vm = new Vue({
    el: '#app',
    data: JSON.parse(JSON.stringify({"post_id": "33515018", "exception_type": "TransformException", "environment": "android-gradle-plugin, android, android-build", "title": "Getting Transform Exception while building the project", "answer": [{"answer_id": "32807587", "title": "com.android.build.transform.api.TransformException", "Score": 160, "ViewCount": 241426, "LastEditDate": "2020-02-22 18:15:05", "LastActivityDate": "2020-02-22 18:15:05", "AnswerScore": 313, "reason": [], "solution": ["Try adding multiDexEnabled true to your app build.gradle file. -CODE-", "EDIT: Try Steve's answer first. ", "In case it happens frequently or first step didn't help multiDexEnabled might help. ", "For those who love to dig deeper here is couple similar issues (with more answers): https://stackoverflow.com/questions/30001051/appdexdebug-execexception-finished-with-non-zero-exit-value-2, https://stackoverflow.com/questions/28917696/errorexecution-failed-for-task-appdexdebug-com-android-ide-common-process"], "answer_code": [" defaultConfig {\n    multiDexEnabled true\n}\n"], "environment": ["google-play-services", "android", "google-signin", "gradle", "java", "build gradle"], "symptom": ["I am trying to integrate Google sign in, in my app, I added these libraries: -CODE-. ", "Also add plugin to app build gradle: -CODE-. then add required permissions but when I try to run my app, received this error: -CODE-"], "exception_stack": ["    Error:Execution failed for task ':app:transformClassesWithDexForDebug'.\n    com.android.build.transform.api.TransformException: com.android.ide.common.process.ProcessException: \n    org.gradle.process.internal.ExecException: Process 'command 'C:\\Program Files\\Java\\jdk1.8.0\\bin\\java.exe'' finished with non-zero exit value 2\n"], "code": ["compile 'com.google.android.gms:play-services-identity:8.1.0'\ncompile 'com.google.android.gms:play-services-plus:8.1.0'\n", "classpath 'com.google.gms:google-services:1.4.0-beta3'\n", "apply plugin: 'com.google.gms.google-services'\n"], "symptom_rank": 3, "environment_rank": 6, "exception_message_rank": 0, "exception_stack_rank": 0, "code_rank": 25, "exception_message": "    com.android.build.transform.api.TransformException: com.android.ide.common.process.ProcessException: \n    org.gradle.process.internal.ExecException: Process 'command 'C:\\Program Files\\Java\\jdk1.8.0\\bin\\java.exe'' finished with non-zero exit value 2\n", "symptom_score": 91, "environment_score": 82, "exception_message_score": 100, "exception_stack_score": 100, "code_score": 25}, {"answer_id": "46121735", "title": "Error in the build. gradle ( Multiple dex files define )", "Score": 0, "ViewCount": 452, "LastEditDate": "2017-09-08 18:13:56", "LastActivityDate": "2017-09-08 18:13:56", "AnswerScore": 1, "reason": ["This is because when you using: -CODE- is the same as using: -CODE-", "it says that it needs Firebase/Play Service Version 11.0.4", "But you instead using 11.2.2, so the firebase-ui library will include its transitive dependencies, which is using 11.0.4. "], "solution": ["So you can use the Firebase/Play Service Version 11.0.4 or you can add play service Auth. ", "For the Auth, you need to include the play service version: -CODE-. "], "answer_code": ["// Single target that includes all FirebaseUI libraries above\ncompile 'com.firebaseui:firebase-ui:2.3.0'\n", "// FirebaseUI Database only\ncompile 'com.firebaseui:firebase-ui-database:2.3.0'\n\n// FirebaseUI Auth only\ncompile 'com.firebaseui:firebase-ui-auth:2.3.0'\n\n// FirebaseUI Storage only\ncompile 'com.firebaseui:firebase-ui-storage:2.3.0'\n", "compile \"com.google.firebase:firebase-auth:11.2.2\"\ncompile \"com.google.android.gms:play-services-auth:11.2.2\"\n"], "environment": ["android", "android-gradle-plugin", "gradle", "build.gradle", "java", "play service declarations", "build"], "symptom": ["I'm getting this error: -CODE-. when running the app", "I searched for the solution, I found that there may be different versions of play service declarations. ", "This is my build gradle (app): -CODE-. ", "This is the build.gradle(project. file: -CODE-"], "exception_stack": ["\nError:Execution failed for task\n  ':app:transformClassesWithDexForDebug'.\n\ncom.android.build.api.transform.TransformException: com.android.ide.common.process.ProcessException:\n    java.util.concurrent.ExecutionException: com.android.dex.DexException:\n    Multiple dex files define Lcom/google/android/gms/internal/zzeg;\n\n", "\ncom.android.build.api.transform.TransformException: com.android.ide.common.process.ProcessException:\n    java.util.concurrent.ExecutionException: com.android.dex.DexException:\n    Multiple dex files define Lcom/google/android/gms/internal/zzeg;\n"], "code": ["// Top-level build file where you can add configuration options common to all sub-projects/modules.\n\nbuildscript {\n    repositories {\n        jcenter()\n    }\n    dependencies {\n        classpath 'com.android.tools.build:gradle:2.3.3'\n        classpath 'com.google.gms:google-services:3.1.0'\n\n        // NOTE: Do not place your application dependencies here; they belong\n        // in the individual module build.gradle files\n    }\n}\n\nallprojects {\n    repositories {\n        jcenter()\n        maven {\n            url \"https://maven.google.com\" // Google's Maven repository\n        }\n    }\n}\n\ntask clean(type: Delete) {\n    delete rootProject.buildDir\n}\n"], "symptom_rank": 10, "environment_rank": 1, "exception_message_rank": 19, "exception_stack_rank": 18, "code_rank": 4, "title_rank": 10, "exception_message": "com.android.build.api.transform.TransformException: com.android.ide.common.process.ProcessException:\n    java.util.concurrent.ExecutionException: com.android.dex.DexException:\n", "symptom_score": 70, "environment_score": 97, "exception_message_score": 43, "exception_stack_score": 46, "code_score": 88}, {"answer_id": "42458214", "title": "Android Studio Error while compiling an apk", "Score": 0, "ViewCount": 119, "LastEditDate": "2017-02-25 17:15:18", "LastActivityDate": "2017-02-25 17:15:18", "AnswerScore": 0, "reason": ["Your hint is that Multiple dex files define Lcom/google/android/gms. ", "Meaning some of Google packages are conflicting. ", "The Firebase and Google play services versions must match"], "solution": [], "answer_code": [], "environment": ["android", "android-gradle-plugin", "java", "apk file"], "symptom": ["I want to create my apk file for my project, but I get the following error: -CODE-. "], "exception_stack": ["\nError:Execution failed for task ':app:transformClassesWithDexForDebug'.\n   com.android.build.api.transform.TransformException: com.android.ide.common.process.ProcessException: java.util.concurrent.ExecutionException: com.android.dex.DexException: Multiple dex files define Lcom/google/android/gms/internal/zznf;\n"], "code": ["apply plugin: 'com.android.application'\n\nandroid {\ncompileSdkVersion 25\nbuildToolsVersion \"25.0.1\"\ndefaultConfig {\n    applicationId \"com.wp.fyriaxis\"\n    minSdkVersion 17\n    targetSdkVersion 25\n    versionCode 5\n    versionName \"1.3\"\n    testInstrumentationRunner \"android.support.test.runner.AndroidJUnitRunner\"\n\n\n}\nbuildTypes {\n    release {\n        minifyEnabled false\n        proguardFiles getDefaultProguardFile('proguard-android.txt'), 'proguard-rules.pro'\n    }\n}\n}\n\ndependencies {\ncompile fileTree(include: ['*.jar'], dir: 'libs')\nandroidTestCompile('com.android.support.test.espresso:espresso-core:2.2.2', {\n    exclude group: 'com.android.support', module: 'support-annotations'\n})\ncompile 'com.android.support:appcompat-v7:25.0.1'\ncompile 'com.google.firebase:firebase-ads:10.2.0'\ncompile 'com.android.support:design:25.0.1'\ncompile 'com.google.android.gms:play-services-appindexing:9.8.0'\ncompile 'com.google.firebase:firebase-ads:10.0.1'\ntestCompile 'junit:junit:4.12'\n}\n\n\napply plugin: 'com.google.gms.google-services'\n"], "symptom_rank": 23, "environment_rank": 9, "exception_message_rank": 17, "exception_stack_rank": 8, "title_rank": 12, "exception_message": "   com.android.build.api.transform.TransformException: com.android.ide.common.process.ProcessException: java.util.concurrent.ExecutionException: com.android.dex.DexException: Multiple dex files define Lcom/google/android/gms/internal/zznf;\n", "symptom_score": 31, "environment_score": 73, "exception_message_score": 49, "exception_stack_score": 76}, {"answer_id": "43277745", "title": "Error while compiling React-native duplicate entry: javax/inject/Inject.class", "Score": 0, "ViewCount": 1274, "LastEditDate": "2017-04-08 09:41:36", "LastActivityDate": "2017-04-08 09:41:36", "AnswerScore": 2, "reason": ["The error basically mean that the @Inject annotation is being included in your final APK multiple times and it's coming from different places. ", "It's hard to pinpoint exactly where, but this transitive dependency from react-native is most likely one of the sources. "], "solution": ["In your build.gradle file, can you try changing the following line: compile \"com.facebook.react:react-native:+. // From node_modules", "To this: -CODE-. ", "Excluding it will hopefully leave you with just one \"copy. of it in your final apk"], "answer_code": ["compile(\"com.facebook.react:react-native:+\") {\n  exclude module: 'javax.inject'\n}\n"], "environment": ["javax/inject/inject.class", "gradle", "react-native", "repo", "react-native-obd2", "build.gradle", "gradlew", "edit 1", "java and gradle build system", "downloaded project and your file", "gradle classpath"], "symptom": ["I downloaded a React-native project from the web called react-native-obd2. ", "Before I got started I just wanted to run the example that was already given in the repo but while running react-native run-android I am getting stuck at an error. -CODE-", "I have been breaking my head for over 3 hours to solve this bugger but it wouldn't go. ", "I have tried various solutions one of the most logical solution to me was that javax/inject/Inject.class is being called twice somewhere. ", "So I typed this command to get the gradle classpath. ./gradlew -q dependencies app:dependencies --configuration compile: -CODE-but I don't see javax written twice", "It was also mentioned that check the versions of the downloaded project and your file but I couldn't find any significant difference. ", "EDIT 1 In my quest to find out where javax.inject module was used twice I did a grep -r \"javax.inject. in the node_modules folder and found this: -CODE-", "I am not very well versed with Java and gradle build system to comprehend it. "], "exception_stack": [":app:transformClassesWithJarMergingForDebug FAILED\n\nFAILURE: Build failed with an exception.\n\n* What went wrong:\nExecution failed for task ':app:transformClassesWithJarMergingForDebug'.\n> com.android.build.api.transform.TransformException: java.util.zip.ZipException: duplicate entry: javax/inject/Inject.class\n"], "code": ["compile - Classpath for compiling the main sources.\n+--- project :react-native-obd2\n|    +--- com.android.support:appcompat-v7:23.0.1 -> 24.1.0\n|    |    +--- com.android.support:animated-vector-drawable:24.1.0\n|    |    |    \\--- com.android.support:support-vector-drawable:24.1.0\n|    |    |         \\--- com.android.support:support-v4:24.1.0\n|    |    |              \\--- com.android.support:support-annotations:24.1.0\n|    |    +--- com.android.support:support-v4:24.1.0 (*)\n|    |    \\--- com.android.support:support-vector-drawable:24.1.0 (*)\n|    +--- com.facebook.react:react-native:+ -> 0.34.1\n|    |    +--- javax.inject:javax.inject:1\n|    |    +--- com.android.support:appcompat-v7:23.0.1 -> 24.1.0 (*)\n|    |    +--- com.android.support:recyclerview-v7:23.0.1 -> 24.1.0\n|    |    |    +--- com.android.support:support-v4:24.1.0 (*)\n|    |    |    \\--- com.android.support:support-annotations:24.1.0\n|    |    +--- com.facebook.fresco:fresco:0.11.0\n|    |    |    +--- com.facebook.fresco:drawee:0.11.0\n|    |    |    |    +--- com.android.support:support-v4:23.2.1 -> 24.1.0 (*)\n|    |    |    |    \\--- com.facebook.fresco:fbcore:0.11.0\n|    |    |    +--- com.facebook.fresco:fbcore:0.11.0\n|    |    |    \\--- com.facebook.fresco:imagepipeline:0.11.0\n|    |    |         +--- com.android.support:support-v4:23.2.1 -> 24.1.0 (*)\n|    |    |         +--- com.facebook.fresco:fbcore:0.11.0\n|    |    |         +--- com.parse.bolts:bolts-tasks:1.4.0\n|    |    |         +--- com.nineoldandroids:library:2.4.0\n|    |    |         \\--- com.facebook.fresco:imagepipeline-base:0.11.0\n|    |    |              +--- com.android.support:support-v4:23.2.1 -> 24.1.0 (*)\n|    |    |              +--- com.facebook.fresco:fbcore:0.11.0\n|    |    |              +--- com.parse.bolts:bolts-tasks:1.4.0\n|    |    |              \\--- com.nineoldandroids:library:2.4.0\n|    |    +--- com.facebook.fresco:imagepipeline-okhttp3:0.11.0\n|    |    |    +--- com.facebook.fresco:fbcore:0.11.0\n|    |    |    +--- com.squareup.okhttp3:okhttp:3.0.1 -> 3.4.1\n|    |    |    |    \\--- com.squareup.okio:okio:1.9.0\n|    |    |    \\--- com.facebook.fresco:imagepipeline:0.11.0 (*)\n|    |    +--- com.facebook.soloader:soloader:0.1.0\n|    |    +--- com.fasterxml.jackson.core:jackson-core:2.2.3\n|    |    +--- com.google.code.findbugs:jsr305:3.0.0\n|    |    +--- com.squareup.okhttp3:okhttp:3.4.1 (*)\n|    |    +--- com.squareup.okhttp3:okhttp-urlconnection:3.4.1\n|    |    |    \\--- com.squareup.okhttp3:okhttp:3.4.1 (*)\n|    |    +--- com.squareup.okhttp3:okhttp-ws:3.4.1\n|    |    |    \\--- com.squareup.okhttp3:okhttp:3.4.1 (*)\n|    |    +--- com.squareup.okio:okio:1.9.0\n|    |    \\--- org.webkit:android-jsc:r174650\n|    +--- com.github.pires:obd-java-api:1.0-RC16\n|    \\--- org.roboguice:roboguice:3.+ -> 3.0.1\n+--- project :react-native-vector-icons\n|    \\--- com.facebook.react:react-native:+ -> 0.34.1 (*)\n+--- project :react-native-sp\n|    +--- com.android.support:appcompat-v7:23.0.1 -> 24.1.0 (*)\n|    \\--- com.facebook.react:react-native:+ -> 0.34.1 (*)\n+--- project :react-native-sensor-manager\n|    \\--- com.facebook.react:react-native:0.12.+ -> 0.34.1 (*)\n+--- project :react-native-dialogs\n|    +--- com.facebook.react:react-native:0.20.+ -> 0.34.1 (*)\n|    \\--- com.github.afollestad.material-dialogs:commons:0.8.6.2\n|         +--- com.android.support:appcompat-v7:24.1.0 (*)\n|         \\--- com.github.afollestad.material-dialogs:core:0.8.6.2\n|              +--- com.android.support:appcompat-v7:24.1.0 (*)\n|              +--- com.android.support:recyclerview-v7:24.1.0 (*)\n|              +--- com.android.support:support-v4:24.1.0 (*)\n|              +--- me.zhanghai.android.materialprogressbar:library:1.1.7\n|              |    +--- com.android.support:appcompat-v7:24.0.0 -> 24.1.0 (*)\n|              |    \\--- com.android.support:support-annotations:24.0.0 -> 24.1.0\n|              \\--- com.android.support:support-annotations:24.1.0\n+--- com.android.support:appcompat-v7:23.0.1 -> 24.1.0 (*)\n\\--- com.facebook.react:react-native:+ -> 0.34.1 (*)\n", "apply plugin: \"com.android.application\"\n\nimport com.android.build.OutputFile\napply from: \"../../node_modules/react-native/react.gradle\"\n\ndef enableSeparateBuildPerCPUArchitecture = false\n\n/**\n * Run Proguard to shrink the Java bytecode in release builds.\n */\ndef enableProguardInReleaseBuilds = false\n\nandroid {\n    compileSdkVersion 23\n    buildToolsVersion \"23.0.1\"\n\n    defaultConfig {\n        applicationId \"com.obd2example\"\n        minSdkVersion 16\n        targetSdkVersion 22\n        versionCode 1\n        versionName \"1.0\"\n        multiDexEnabled true\n        ndk {\n            abiFilters \"armeabi-v7a\", \"x86\"\n        }\n    }\n    splits {\n        abi {\n            reset()\n            enable enableSeparateBuildPerCPUArchitecture\n            universalApk false  // If true, also generate a universal APK\n            include \"armeabi-v7a\", \"x86\"\n        }\n    }\n    buildTypes {\n        release {\n            minifyEnabled enableProguardInReleaseBuilds\n            proguardFiles getDefaultProguardFile(\"proguard-android.txt\"), \"proguard-rules.pro\"\n        }\n    }\n    // applicationVariants are e.g. debug, release\n    applicationVariants.all { variant ->\n        variant.outputs.each { output ->\n            // For each separate APK per architecture, set a unique version code as described here:\n            // http://tools.android.com/tech-docs/new-build-system/user-guide/apk-splits\n            def versionCodes = [\"armeabi-v7a\":1, \"x86\":2]\n            def abi = output.getFilter(OutputFile.ABI)\n            if (abi != null) {  // null for the universal-debug, universal-release variants\n                output.versionCodeOverride =\n                        versionCodes.get(abi) * 1048576 + defaultConfig.versionCode\n            }\n        }\n    }\n}\n\nrepositories {\n    maven { url \"https://jitpack.io\" }\n}\n\ndependencies {\n    compile project(':react-native-obd2')\n    compile project(':react-native-vector-icons')\n    compile project(':react-native-sp')\n    compile project(':react-native-sensor-manager')\n    compile project(':react-native-dialogs')\n    compile fileTree(dir: \"libs\", include: [\"*.jar\"])\n    compile \"com.android.support:appcompat-v7:23.0.1\"\n    compile \"com.facebook.react:react-native:+\"  // From node_modules\n}\n\n// Run this once to be able to run the application with BUCK\n// puts all compile dependencies into folder libs for BUCK to use\ntask copyDownloadableDepsToLibs(type: Copy) {\n    from configurations.compile\n    into 'libs'\n}\n", "react-native/android/com/facebook/react/react-native/0.34.1/react-native-0.34.1.pom:      <groupId>javax.inject</groupId>\nreact-native/android/com/facebook/react/react-native/0.34.1/react-native-0.34.1.pom:      <artifactId>javax.inject</artifactId>\nreact-native/ReactAndroid/src/main/third-party/java/jsr-330/BUCK:    url = 'mvn:javax.inject:javax.inject:jar:1',\nreact-native/ReactAndroid/src/main/java/com/facebook/react/CoreModulesPackage.java:import javax.inject.Provider;\nreact-native/ReactAndroid/src/main/java/com/facebook/react/bridge/ModuleSpec.java:import javax.inject.Provider;\nreact-native/ReactAndroid/src/main/java/com/facebook/react/shell/MainReactPackage.java:import javax.inject.Provider;\nreact-native/ReactAndroid/build.gradle:    compile 'javax.inject:javax.inject:1'\n"], "symptom_rank": 16, "environment_rank": 14, "exception_message_rank": 24, "exception_stack_rank": 7, "code_rank": 12, "title_rank": 15, "exception_message": "> com.android.build.api.transform.TransformException: java.util.zip.ZipException: duplicate entry: javax/inject/Inject.class\n", "symptom_score": 52, "environment_score": 58, "exception_message_score": 28, "exception_stack_score": 79, "code_score": 64}, {"answer_id": "36121789", "title": "Gradle build failing with TransformException", "Score": 0, "ViewCount": 480, "LastEditDate": "2016-03-21 01:35:09", "LastActivityDate": "2016-03-21 01:51:34", "AnswerScore": 1, "reason": [], "solution": ["Try this inside the android block of your build.gradle: -CODE-. "], "answer_code": ["dexOptions {\n    javaMaxHeapSize \"4g\"\n}\n"], "environment": ["android", "android-gradle-plugin", "edit", "gradle", "build.gradle", "java", "googles documentation", "build file", "app/build folder"], "symptom": ["My gradle.build file looks like this: -CODE-. ", "I have enabled multidexing and have tried deleting the app/build folder but my application still will not build. ", "If I remove the design library it will build but then I am unable to use a floating action button in my fragment, nor a coordinated layout. ", "Most of the current solutions on here reference posts to enable multidexing, however, looking at the build file, you should see that it is enabled. ", "I have a feeling that a library listed may overlap with the design library but as far as I can tell based upon googles documentation, they are different. ", "EDIT: I forgot to mention, I have also performed a clean on the project as well. "], "exception_stack": ["\nError:Execution failed for task ':app:transformClassesWithDexForDebug'.\n  >com.android.build.api.transform.TransformException: com.android.ide.common.process.ProcessException: org.gradle.process.internal.ExecException: Process 'command '/Library/Java/JavaVirtualMachines/jdk1.8.0_45.jdk/Contents/Home/bin/java'' finished with non-zero exit value 3\n"], "code": ["    apply plugin: 'com.android.application'\n\n    android {\n        compileSdkVersion 23\n        buildToolsVersion \"23.0.2\"\n\n        defaultConfig {\n            applicationId \"com.example.alexandernohe.mapsappgoogle\"\n            minSdkVersion 16\n            targetSdkVersion 23\n            versionCode 1\n            versionName \"1.0\"\n            multiDexEnabled true\n        }\n        packagingOptions {\n            exclude 'META-INF/LICENSE'\n            exclude 'META-INF/LICENSE-FIREBASE.txt'\n            exclude 'META-INF/NOTICE'\n        }\n        buildTypes {\n            release {\n                minifyEnabled false\n                proguardFiles getDefaultProguardFile('proguard-android.txt'), 'proguard-rules.pro'\n            }\n        }\n    }\n\n    dependencies {\n        compile fileTree(include: ['*.jar'], dir: 'libs')\n        testCompile 'junit:junit:4.12'\n        compile 'com.android.support:appcompat-v7:23.2.1'\n        compile 'com.google.android.gms:play-services:8.4.0'\n        compile 'com.google.maps.android:android-maps-utils:0.4.3'\n        compile 'com.firebase:firebase-client-android:2.5.1+'\n        compile 'com.android.support:support-v4:23.2.1'\n        compile 'com.android.support:design:23.2.1'\n\n    }\n"], "environment_rank": 0, "exception_message_rank": 2, "exception_stack_rank": 1, "code_rank": 22, "exception_message": "  >com.android.build.api.transform.TransformException: com.android.ide.common.process.ProcessException: org.gradle.process.internal.ExecException: Process 'command '/Library/Java/JavaVirtualMachines/jdk1.8.0_45.jdk/Contents/Home/bin/java'' finished with non-zero exit value 3\n", "environment_score": 100, "exception_message_score": 94, "exception_stack_score": 97, "code_score": 34}, {"answer_id": "34749193", "title": "Android Error: Your app has more methods references than can fit in a single dex file", "Score": 1, "ViewCount": 837, "LastEditDate": "2016-01-12 17:07:01", "LastActivityDate": "2016-01-12 17:07:01", "AnswerScore": 2, "reason": [], "solution": ["You have to use multidex because your projet exceeds the limit of methods authorized in one app (it's about ~56000 or almost, I don't remember). ", "See this quote in Documentation (the link you provided by the way): -CODE-. ", "In order to build and run, you have to configure your build.gradle as follows: -CODE-. ", "Then, create your own Application class as follows: -CODE-. ", "Finally, add this class in the Manifest: -CODE-. ", "Or you can just use the android.multidex.application by default instead of creating one like this: -CODE-. "], "answer_code": ["\nAs the Android platform has continued to grow, so has the size of Android apps. When your application and the libraries it references reach a certain size, you encounter build errors that indicate your app has reached a limit of the Android app build architecture.\n", "android {\n    defaultConfig {\n        ...\n        // enabling multidex\n        multiDexEnabled true\n    }\n}\n\n// add the dependencie\ndependencies {\n    compile 'com.android.support:multidex:1.0.0'\n}\n", "public class MyApplication extends MultiDexApplication {\n    @Override\n    protected void attachBaseContext(Context base) {\n        super.attachBaseContext(base);\n        MultiDex.install(this); // install multidex\n    }\n}\n", "<application\n    ...\n    android:name=\".MyApplication\">\n", "<application\n    ...\n    android:name=\"android.support.multidex.MultiDexApplication\">\n"], "environment": ["android-studio", "google account", "gradle", "android-activity", "gradle build", "android", "java"], "symptom": ["Gradle Build is successful but when I try to run my app, I get this error: -CODE-. ", "I got this after I implemented 'Sign-in using Google Account' feature to my app. ", "I Followed the steps, however it's showing another error: -CODE-. "], "exception_stack": ["\nCopying resources from program jar [/Users/Earthling/AndroidStudioProjects/GoogleTestProject/app/build/intermediates/transforms/jarMerging/debug/jars/1/1f/combined.jar]\n  :app:transformClassesWithDexForDebug FAILED\n  Error:Execution failed for task ':app:transformClassesWithDexForDebug'.\n  com.android.build.api.transform.TransformException: com.android.ide.common.process.ProcessException: org.gradle.process.internal.ExecException: Process 'command '/Library/Java/JavaVirtualMachines/jdk1.8.0_31.jdk/Contents/Home/bin/java'' finished with non-zero exit value 3\n"], "code": ["\nError:Your app has more methods references than can fit in a single\n  dex file. See\n  https://developer.android.com/tools/building/multidex.html\n"], "symptom_rank": 1, "environment_rank": 3, "exception_message_rank": 1, "exception_stack_rank": 17, "exception_message": "  com.android.build.api.transform.TransformException: com.android.ide.common.process.ProcessException: org.gradle.process.internal.ExecException: Process 'command '/Library/Java/JavaVirtualMachines/jdk1.8.0_31.jdk/Contents/Home/bin/java'' finished with non-zero exit value 3\n", "symptom_score": 97, "environment_score": 91, "exception_message_score": 97, "exception_stack_score": 49}, {"answer_id": "57868313", "title": "Exception while adding local library to Android project", "Score": 0, "ViewCount": 78, "LastEditDate": "", "LastActivityDate": "2019-09-11 04:17:00", "AnswerScore": 1, "reason": ["The error mentioned in the question is confusing. here are the step by step analysis of the project that you emailed me", "Your jar files are compiled with a newer version whereas in compileOptions(Look at Gradle file. it was explicitly mentioned to be compatible with 1.8"], "solution": ["[-]Tried to generate APKs and it thrown the following error: -CODE-. ", "Go to gradle.properties and set the following to false: -CODE-. ", "[-]Performed a clean build from the run menu and then tried to build the project and got the following error. -CODE-", "I would suggest you export your libs(Jar files. again with Java 1.8 to make it compatible with the Android Project"], "answer_code": ["\nFailed to transform\n  '/Users/sam/Desktop/android/EziMax/app/libs/ezimax-backend-client-0.0.1.jar'\n  using Jetifier. Reason: null. (Run with --stacktrace for more\n  details.)\n", "android.enableJetifier=false\n", "\nerror: cannot access LoginRequest bad class file:\n  /Users/sam/Desktop/android/EziMax/app/libs/ezimax-rest-library-0.0.1.jar(za/co/ezimax/api/LoginRequest.class)\n  class file has wrong version 55.0, should be 52.0 Please remove or\n  make sure it appears in the correct subdirectory of the classpath.\n", "<classpathentry kind=\"con\" path=\"org.eclipse.jdt.launching.JRE_CONTAINER/org.eclipse.jdt.internal.debug.ui.launcher.StandardVMType/JavaSE-11\">\n"], "environment": ["android studio gradle file", "eclipse", "android phone", "android", "java", "android studio project libs folder"], "symptom": ["I have a Android Studio project. ", "I also have two projects in Eclipse. ", "I exported the Eclipse projects to jar files and placed the jar files in the Android Studio project libs folder. ", "I also added the following to my Android Studio Gradle file: -CODE-. ", "The files import correctly into my Android Studio project. ", "I am able to code against the libraries that I have imported, however when I try to run the project on my Android phone, I get the following exception: -CODE-. "], "exception_stack": ["org.gradle.api.tasks.TaskExecutionException: Execution failed for task ':app:javaPreCompileDebug'.\n    at org.gradle.api.internal.tasks.execution.CatchExceptionTaskExecuter.execute(CatchExceptionTaskExecuter.java:38)\n    at org.gradle.api.internal.tasks.execution.EventFiringTaskExecuter$1.executeTask(EventFiringTaskExecuter.java:73)\n    at org.gradle.api.internal.tasks.execution.EventFiringTaskExecuter$1.call(EventFiringTaskExecuter.java:52)\n    at org.gradle.api.internal.tasks.execution.EventFiringTaskExecuter$1.call(EventFiringTaskExecuter.java:49)\n    at org.gradle.internal.operations.DefaultBuildOperationExecutor$CallableBuildOperationWorker.execute(DefaultBuildOperationExecutor.java:416)\n    at org.gradle.internal.operations.DefaultBuildOperationExecutor$CallableBuildOperationWorker.execute(DefaultBuildOperationExecutor.java:406)\n    at org.gradle.internal.operations.DefaultBuildOperationExecutor$1.execute(DefaultBuildOperationExecutor.java:165)\n    at org.gradle.internal.operations.DefaultBuildOperationExecutor.execute(DefaultBuildOperationExecutor.java:250)\n    at org.gradle.internal.operations.DefaultBuildOperationExecutor.execute(DefaultBuildOperationExecutor.java:158)\n    at org.gradle.internal.operations.DefaultBuildOperationExecutor.call(DefaultBuildOperationExecutor.java:102)\n    at org.gradle.internal.operations.DelegatingBuildOperationExecutor.call(DelegatingBuildOperationExecutor.java:36)\n    at org.gradle.api.internal.tasks.execution.EventFiringTaskExecuter.execute(EventFiringTaskExecuter.java:49)\n    at org.gradle.execution.plan.LocalTaskNodeExecutor.execute(LocalTaskNodeExecutor.java:43)\n    at org.gradle.execution.taskgraph.DefaultTaskExecutionGraph$InvokeNodeExecutorsAction.execute(DefaultTaskExecutionGraph.java:355)\n    at org.gradle.execution.taskgraph.DefaultTaskExecutionGraph$InvokeNodeExecutorsAction.execute(DefaultTaskExecutionGraph.java:343)\n    at org.gradle.execution.taskgraph.DefaultTaskExecutionGraph$BuildOperationAwareExecutionAction.execute(DefaultTaskExecutionGraph.java:336)\n    at org.gradle.execution.taskgraph.DefaultTaskExecutionGraph$BuildOperationAwareExecutionAction.execute(DefaultTaskExecutionGraph.java:322)\n    at org.gradle.execution.plan.DefaultPlanExecutor$ExecutorWorker$1.execute(DefaultPlanExecutor.java:134)\n    at org.gradle.execution.plan.DefaultPlanExecutor$ExecutorWorker$1.execute(DefaultPlanExecutor.java:129)\n    at org.gradle.execution.plan.DefaultPlanExecutor$ExecutorWorker.execute(DefaultPlanExecutor.java:202)\n    at org.gradle.execution.plan.DefaultPlanExecutor$ExecutorWorker.executeNextNode(DefaultPlanExecutor.java:193)\n    at org.gradle.execution.plan.DefaultPlanExecutor$ExecutorWorker.run(DefaultPlanExecutor.java:129)\n    at org.gradle.execution.plan.DefaultPlanExecutor.process(DefaultPlanExecutor.java:74)\n    at org.gradle.execution.taskgraph.DefaultTaskExecutionGraph.executeWithServices(DefaultTaskExecutionGraph.java:178)\n    at org.gradle.execution.taskgraph.DefaultTaskExecutionGraph.execute(DefaultTaskExecutionGraph.java:154)\n    at org.gradle.execution.SelectedTaskExecutionAction.execute(SelectedTaskExecutionAction.java:41)\n    at org.gradle.execution.DefaultBuildExecuter.execute(DefaultBuildExecuter.java:40)\n    at org.gradle.execution.DefaultBuildExecuter.access$000(DefaultBuildExecuter.java:24)\n    at org.gradle.execution.DefaultBuildExecuter$1.proceed(DefaultBuildExecuter.java:46)\n    at org.gradle.execution.DryRunBuildExecutionAction.execute(DryRunBuildExecutionAction.java:49)\n    at org.gradle.execution.DefaultBuildExecuter.execute(DefaultBuildExecuter.java:40)\n    at org.gradle.execution.DefaultBuildExecuter.execute(DefaultBuildExecuter.java:33)\n    at org.gradle.initialization.DefaultGradleLauncher$ExecuteTasks.run(DefaultGradleLauncher.java:383)\n    at org.gradle.internal.operations.DefaultBuildOperationExecutor$RunnableBuildOperationWorker.execute(DefaultBuildOperationExecutor.java:402)\n    at org.gradle.internal.operations.DefaultBuildOperationExecutor$RunnableBuildOperationWorker.execute(DefaultBuildOperationExecutor.java:394)\n    at org.gradle.internal.operations.DefaultBuildOperationExecutor$1.execute(DefaultBuildOperationExecutor.java:165)\n    at org.gradle.internal.operations.DefaultBuildOperationExecutor.execute(DefaultBuildOperationExecutor.java:250)\n    at org.gradle.internal.operations.DefaultBuildOperationExecutor.execute(DefaultBuildOperationExecutor.java:158)\n    at org.gradle.internal.operations.DefaultBuildOperationExecutor.run(DefaultBuildOperationExecutor.java:92)\n    at org.gradle.internal.operations.DelegatingBuildOperationExecutor.run(DelegatingBuildOperationExecutor.java:31)\n    at org.gradle.initialization.DefaultGradleLauncher.runTasks(DefaultGradleLauncher.java:247)\n    at org.gradle.initialization.DefaultGradleLauncher.doBuildStages(DefaultGradleLauncher.java:159)\n    at org.gradle.initialization.DefaultGradleLauncher.executeTasks(DefaultGradleLauncher.java:134)\n    at org.gradle.internal.invocation.GradleBuildController$1.execute(GradleBuildController.java:58)\n    at org.gradle.internal.invocation.GradleBuildController$1.execute(GradleBuildController.java:55)\n    at org.gradle.internal.invocation.GradleBuildController$3.create(GradleBuildController.java:82)\n    at org.gradle.internal.invocation.GradleBuildController$3.create(GradleBuildController.java:75)\n    at org.gradle.internal.work.DefaultWorkerLeaseService.withLocks(DefaultWorkerLeaseService.java:183)\n    at org.gradle.internal.work.StopShieldingWorkerLeaseService.withLocks(StopShieldingWorkerLeaseService.java:40)\n    at org.gradle.internal.invocation.GradleBuildController.doBuild(GradleBuildController.java:75)\n    at org.gradle.internal.invocation.GradleBuildController.run(GradleBuildController.java:55)\n    at org.gradle.tooling.internal.provider.runner.ClientProvidedBuildActionRunner.run(ClientProvidedBuildActionRunner.java:55)\n    at org.gradle.launcher.exec.ChainingBuildActionRunner.run(ChainingBuildActionRunner.java:35)\n    at org.gradle.launcher.exec.ChainingBuildActionRunner.run(ChainingBuildActionRunner.java:35)\n    at org.gradle.launcher.exec.BuildOutcomeReportingBuildActionRunner.run(BuildOutcomeReportingBuildActionRunner.java:58)\n    at org.gradle.tooling.internal.provider.ValidatingBuildActionRunner.run(ValidatingBuildActionRunner.java:32)\n    at org.gradle.launcher.exec.BuildCompletionNotifyingBuildActionRunner.run(BuildCompletionNotifyingBuildActionRunner.java:39)\n    at org.gradle.launcher.exec.RunAsBuildOperationBuildActionRunner$3.call(RunAsBuildOperationBuildActionRunner.java:51)\n    at org.gradle.launcher.exec.RunAsBuildOperationBuildActionRunner$3.call(RunAsBuildOperationBuildActionRunner.java:45)\n    at org.gradle.internal.operations.DefaultBuildOperationExecutor$CallableBuildOperationWorker.execute(DefaultBuildOperationExecutor.java:416)\n    at org.gradle.internal.operations.DefaultBuildOperationExecutor$CallableBuildOperationWorker.execute(DefaultBuildOperationExecutor.java:406)\n    at org.gradle.internal.operations.DefaultBuildOperationExecutor$1.execute(DefaultBuildOperationExecutor.java:165)\n    at org.gradle.internal.operations.DefaultBuildOperationExecutor.execute(DefaultBuildOperationExecutor.java:250)\n    at org.gradle.internal.operations.DefaultBuildOperationExecutor.execute(DefaultBuildOperationExecutor.java:158)\n    at org.gradle.internal.operations.DefaultBuildOperationExecutor.call(DefaultBuildOperationExecutor.java:102)\n    at org.gradle.internal.operations.DelegatingBuildOperationExecutor.call(DelegatingBuildOperationExecutor.java:36)\n    at org.gradle.launcher.exec.RunAsBuildOperationBuildActionRunner.run(RunAsBuildOperationBuildActionRunner.java:45)\n    at org.gradle.launcher.exec.InProcessBuildActionExecuter$1.transform(InProcessBuildActionExecuter.java:49)\n    at org.gradle.launcher.exec.InProcessBuildActionExecuter$1.transform(InProcessBuildActionExecuter.java:46)\n    at org.gradle.composite.internal.DefaultRootBuildState.run(DefaultRootBuildState.java:78)\n    at org.gradle.launcher.exec.InProcessBuildActionExecuter.execute(InProcessBuildActionExecuter.java:46)\n    at org.gradle.launcher.exec.InProcessBuildActionExecuter.execute(InProcessBuildActionExecuter.java:31)\n    at org.gradle.launcher.exec.BuildTreeScopeBuildActionExecuter.execute(BuildTreeScopeBuildActionExecuter.java:42)\n    at org.gradle.launcher.exec.BuildTreeScopeBuildActionExecuter.execute(BuildTreeScopeBuildActionExecuter.java:28)\n    at org.gradle.tooling.internal.provider.ContinuousBuildActionExecuter.execute(ContinuousBuildActionExecuter.java:78)\n    at org.gradle.tooling.internal.provider.ContinuousBuildActionExecuter.execute(ContinuousBuildActionExecuter.java:52)\n    at org.gradle.tooling.internal.provider.SubscribableBuildActionExecuter.execute(SubscribableBuildActionExecuter.java:59)\n    at org.gradle.tooling.internal.provider.SubscribableBuildActionExecuter.execute(SubscribableBuildActionExecuter.java:36)\n    at org.gradle.tooling.internal.provider.SessionScopeBuildActionExecuter.execute(SessionScopeBuildActionExecuter.java:68)\n    at org.gradle.tooling.internal.provider.SessionScopeBuildActionExecuter.execute(SessionScopeBuildActionExecuter.java:38)\n    at org.gradle.tooling.internal.provider.GradleThreadBuildActionExecuter.execute(GradleThreadBuildActionExecuter.java:37)\n    at org.gradle.tooling.internal.provider.GradleThreadBuildActionExecuter.execute(GradleThreadBuildActionExecuter.java:26)\n    at org.gradle.tooling.internal.provider.ParallelismConfigurationBuildActionExecuter.execute(ParallelismConfigurationBuildActionExecuter.java:43)\n    at org.gradle.tooling.internal.provider.ParallelismConfigurationBuildActionExecuter.execute(ParallelismConfigurationBuildActionExecuter.java:29)\n    at org.gradle.tooling.internal.provider.StartParamsValidatingActionExecuter.execute(StartParamsValidatingActionExecuter.java:60)\n    at org.gradle.tooling.internal.provider.StartParamsValidatingActionExecuter.execute(StartParamsValidatingActionExecuter.java:32)\n    at org.gradle.tooling.internal.provider.SessionFailureReportingActionExecuter.execute(SessionFailureReportingActionExecuter.java:55)\n    at org.gradle.tooling.internal.provider.SessionFailureReportingActionExecuter.execute(SessionFailureReportingActionExecuter.java:41)\n    at org.gradle.tooling.internal.provider.SetupLoggingActionExecuter.execute(SetupLoggingActionExecuter.java:48)\n    at org.gradle.tooling.internal.provider.SetupLoggingActionExecuter.execute(SetupLoggingActionExecuter.java:32)\n    at org.gradle.launcher.daemon.server.exec.ExecuteBuild.doBuild(ExecuteBuild.java:67)\n    at org.gradle.launcher.daemon.server.exec.BuildCommandOnly.execute(BuildCommandOnly.java:36)\n    at org.gradle.launcher.daemon.server.api.DaemonCommandExecution.proceed(DaemonCommandExecution.java:104)\n    at org.gradle.launcher.daemon.server.exec.WatchForDisconnection.execute(WatchForDisconnection.java:37)\n    at org.gradle.launcher.daemon.server.api.DaemonCommandExecution.proceed(DaemonCommandExecution.java:104)\n    at org.gradle.launcher.daemon.server.exec.ResetDeprecationLogger.execute(ResetDeprecationLogger.java:26)\n    at org.gradle.launcher.daemon.server.api.DaemonCommandExecution.proceed(DaemonCommandExecution.java:104)\n    at org.gradle.launcher.daemon.server.exec.RequestStopIfSingleUsedDaemon.execute(RequestStopIfSingleUsedDaemon.java:34)\n    at org.gradle.launcher.daemon.server.api.DaemonCommandExecution.proceed(DaemonCommandExecution.java:104)\n    at org.gradle.launcher.daemon.server.exec.ForwardClientInput$2.call(ForwardClientInput.java:74)\n    at org.gradle.launcher.daemon.server.exec.ForwardClientInput$2.call(ForwardClientInput.java:72)\n    at org.gradle.util.Swapper.swap(Swapper.java:38)\n    at org.gradle.launcher.daemon.server.exec.ForwardClientInput.execute(ForwardClientInput.java:72)\n    at org.gradle.launcher.daemon.server.api.DaemonCommandExecution.proceed(DaemonCommandExecution.java:104)\n    at org.gradle.launcher.daemon.server.exec.LogAndCheckHealth.execute(LogAndCheckHealth.java:55)\n    at org.gradle.launcher.daemon.server.api.DaemonCommandExecution.proceed(DaemonCommandExecution.java:104)\n    at org.gradle.launcher.daemon.server.exec.LogToClient.doBuild(LogToClient.java:62)\n    at org.gradle.launcher.daemon.server.exec.BuildCommandOnly.execute(BuildCommandOnly.java:36)\n    at org.gradle.launcher.daemon.server.api.DaemonCommandExecution.proceed(DaemonCommandExecution.java:104)\n    at org.gradle.launcher.daemon.server.exec.EstablishBuildEnvironment.doBuild(EstablishBuildEnvironment.java:81)\n    at org.gradle.launcher.daemon.server.exec.BuildCommandOnly.execute(BuildCommandOnly.java:36)\n    at org.gradle.launcher.daemon.server.api.DaemonCommandExecution.proceed(DaemonCommandExecution.java:104)\n    at org.gradle.launcher.daemon.server.exec.StartBuildOrRespondWithBusy$1.run(StartBuildOrRespondWithBusy.java:50)\n    at org.gradle.launcher.daemon.server.DaemonStateCoordinator$1.run(DaemonStateCoordinator.java:295)\n    at org.gradle.internal.concurrent.ExecutorPolicy$CatchAndRecordFailures.onExecute(ExecutorPolicy.java:63)\n    at org.gradle.internal.concurrent.ManagedExecutorImpl$1.run(ManagedExecutorImpl.java:46)\n    at java.util.concurrent.ThreadPoolExecutor.runWorker(ThreadPoolExecutor.java:1149)\n    at java.util.concurrent.ThreadPoolExecutor$Worker.run(ThreadPoolExecutor.java:624)\n    at org.gradle.internal.concurrent.ThreadFactoryImpl$ManagedThreadRunnable.run(ThreadFactoryImpl.java:55)\n    at java.lang.Thread.run(Thread.java:748)\nCaused by: org.gradle.api.internal.artifacts.ivyservice.DefaultLenientConfiguration$ArtifactResolveException: Could not resolve all files for configuration ':app:debugCompileClasspath'.\n    at org.gradle.api.internal.artifacts.configurations.DefaultConfiguration.rethrowFailure(DefaultConfiguration.java:1195)\n    at org.gradle.api.internal.artifacts.configurations.DefaultConfiguration.access$2100(DefaultConfiguration.java:138)\n    at org.gradle.api.internal.artifacts.configurations.DefaultConfiguration$ConfigurationFileCollection.getFiles(DefaultConfiguration.java:1170)\n    at org.gradle.api.internal.file.AbstractFileCollection.iterator(AbstractFileCollection.java:72)\n    at org.gradle.internal.snapshot.impl.DefaultFileSystemSnapshotter$FileCollectionLeafVisitorImpl.visitCollection(DefaultFileSystemSnapshotter.java:240)\n    at org.gradle.api.internal.file.AbstractFileCollection.visitLeafCollections(AbstractFileCollection.java:233)\n    at org.gradle.api.internal.file.CompositeFileCollection.visitLeafCollections(CompositeFileCollection.java:205)\n    at org.gradle.internal.snapshot.impl.DefaultFileSystemSnapshotter.snapshot(DefaultFileSystemSnapshotter.java:126)\n    at org.gradle.internal.fingerprint.impl.AbstractFileCollectionFingerprinter.fingerprint(AbstractFileCollectionFingerprinter.java:48)\n    at org.gradle.api.internal.tasks.execution.DefaultTaskFingerprinter.fingerprintTaskFiles(DefaultTaskFingerprinter.java:46)\n    at org.gradle.api.internal.tasks.execution.ResolveBeforeExecutionStateTaskExecuter.createExecutionState(ResolveBeforeExecutionStateTaskExecuter.java:93)\n    at org.gradle.api.internal.tasks.execution.ResolveBeforeExecutionStateTaskExecuter.execute(ResolveBeforeExecutionStateTaskExecuter.java:73)\n    at org.gradle.api.internal.tasks.execution.ValidatingTaskExecuter.execute(ValidatingTaskExecuter.java:62)\n    at org.gradle.api.internal.tasks.execution.SkipEmptySourceFilesTaskExecuter.execute(SkipEmptySourceFilesTaskExecuter.java:108)\n    at org.gradle.api.internal.tasks.execution.ResolveBeforeExecutionOutputsTaskExecuter.execute(ResolveBeforeExecutionOutputsTaskExecuter.java:67)\n    at org.gradle.api.internal.tasks.execution.ResolveAfterPreviousExecutionStateTaskExecuter.execute(ResolveAfterPreviousExecutionStateTaskExecuter.java:46)\n    at org.gradle.api.internal.tasks.execution.CleanupStaleOutputsExecuter.execute(CleanupStaleOutputsExecuter.java:94)\n    at org.gradle.api.internal.tasks.execution.FinalizePropertiesTaskExecuter.execute(FinalizePropertiesTaskExecuter.java:46)\n    at org.gradle.api.internal.tasks.execution.ResolveTaskExecutionModeExecuter.execute(ResolveTaskExecutionModeExecuter.java:95)\n    at org.gradle.api.internal.tasks.execution.SkipTaskWithNoActionsExecuter.execute(SkipTaskWithNoActionsExecuter.java:57)\n    at org.gradle.api.internal.tasks.execution.SkipOnlyIfTaskExecuter.execute(SkipOnlyIfTaskExecuter.java:56)\n    at org.gradle.api.internal.tasks.execution.CatchExceptionTaskExecuter.execute(CatchExceptionTaskExecuter.java:36)\n    ... 119 more\nCaused by: org.gradle.api.internal.artifacts.transform.TransformException: Failed to transform file 'ezimax-backend-client-0.0.1.jar' to match attributes {artifactType=android-classes, org.gradle.usage=java-runtime-jars}\n    at org.gradle.api.internal.artifacts.transform.TransformingArtifactVisitor.lambda$visitFile$3(TransformingArtifactVisitor.java:90)\n    at org.gradle.internal.Try$Failure.ifSuccessfulOrElse(Try.java:191)\n    at org.gradle.api.internal.artifacts.transform.TransformingArtifactVisitor.visitFile(TransformingArtifactVisitor.java:84)\n    at org.gradle.api.internal.artifacts.ivyservice.resolveengine.artifact.LocalFileDependencyBackedArtifactSet$SingletonFileResolvedVariant.visit(LocalFileDependencyBackedArtifactSet.java:171)\n    at org.gradle.api.internal.artifacts.transform.TransformCompletion.visit(TransformCompletion.java:42)\n    at org.gradle.api.internal.artifacts.ivyservice.resolveengine.artifact.CompositeResolvedArtifactSet$CompositeResult.visit(CompositeResolvedArtifactSet.java:83)\n    at org.gradle.api.internal.artifacts.ivyservice.resolveengine.artifact.CompositeResolvedArtifactSet$CompositeResult.visit(CompositeResolvedArtifactSet.java:83)\n    at org.gradle.api.internal.artifacts.ivyservice.resolveengine.artifact.ParallelResolveArtifactSet$VisitingSet.visit(ParallelResolveArtifactSet.java:64)\n    at org.gradle.api.internal.artifacts.ivyservice.DefaultLenientConfiguration.visitArtifacts(DefaultLenientConfiguration.java:256)\n    at org.gradle.api.internal.artifacts.ivyservice.DefaultLenientConfiguration.access$500(DefaultLenientConfiguration.java:69)\n    at org.gradle.api.internal.artifacts.ivyservice.DefaultLenientConfiguration$2.run(DefaultLenientConfiguration.java:231)\n    at org.gradle.internal.operations.DefaultBuildOperationExecutor$RunnableBuildOperationWorker.execute(DefaultBuildOperationExecutor.java:402)\n    at org.gradle.internal.operations.DefaultBuildOperationExecutor$RunnableBuildOperationWorker.execute(DefaultBuildOperationExecutor.java:394)\n    at org.gradle.internal.operations.DefaultBuildOperationExecutor$1.execute(DefaultBuildOperationExecutor.java:165)\n    at org.gradle.internal.operations.DefaultBuildOperationExecutor.execute(DefaultBuildOperationExecutor.java:250)\n    at org.gradle.internal.operations.DefaultBuildOperationExecutor.execute(DefaultBuildOperationExecutor.java:158)\n    at org.gradle.internal.operations.DefaultBuildOperationExecutor.run(DefaultBuildOperationExecutor.java:92)\n    at org.gradle.internal.operations.DelegatingBuildOperationExecutor.run(DelegatingBuildOperationExecutor.java:31)\n    at org.gradle.api.internal.artifacts.ivyservice.DefaultLenientConfiguration.visitArtifactsWithBuildOperation(DefaultLenientConfiguration.java:228)\n    at org.gradle.api.internal.artifacts.ivyservice.DefaultLenientConfiguration.access$200(DefaultLenientConfiguration.java:69)\n    at org.gradle.api.internal.artifacts.ivyservice.DefaultLenientConfiguration$1.visitArtifacts(DefaultLenientConfiguration.java:133)\n    at org.gradle.api.internal.artifacts.configurations.DefaultConfiguration$ConfigurationFileCollection.getFiles(DefaultConfiguration.java:1167)\n    ... 138 more\nCaused by: org.gradle.api.internal.artifacts.transform.TransformException: Execution failed for JetifyTransform: C:\\Users\\hendre\\Documents\\FileSystem\\Lot 24 Media\\Android Workspace\\EziMax\\app\\libs\\ezimax-backend-client-0.0.1.jar.\n    at org.gradle.api.internal.artifacts.transform.DefaultTransformerInvoker.lambda$invoke$1(DefaultTransformerInvoker.java:172)\n    at org.gradle.internal.Try$Failure.mapFailure(Try.java:182)\n    at org.gradle.api.internal.artifacts.transform.DefaultTransformerInvoker.lambda$invoke$2(DefaultTransformerInvoker.java:172)\n    at org.gradle.api.internal.artifacts.transform.DefaultTransformerInvoker.fireTransformListeners(DefaultTransformerInvoker.java:219)\n    at org.gradle.api.internal.artifacts.transform.DefaultTransformerInvoker.lambda$invoke$3(DefaultTransformerInvoker.java:117)\n    at org.gradle.api.internal.artifacts.transform.ImmutableTransformationWorkspaceProvider.lambda$withWorkspace$0(ImmutableTransformationWorkspaceProvider.java:81)\n    at org.gradle.cache.internal.LockOnDemandCrossProcessCacheAccess.withFileLock(LockOnDemandCrossProcessCacheAccess.java:90)\n    at org.gradle.cache.internal.DefaultCacheAccess.withFileLock(DefaultCacheAccess.java:194)\n    at org.gradle.cache.internal.DefaultPersistentDirectoryStore.withFileLock(DefaultPersistentDirectoryStore.java:170)\n    at org.gradle.cache.internal.DefaultCacheFactory$ReferenceTrackingCache.withFileLock(DefaultCacheFactory.java:194)\n    at org.gradle.api.internal.artifacts.transform.ImmutableTransformationWorkspaceProvider.withWorkspace(ImmutableTransformationWorkspaceProvider.java:76)\n    at org.gradle.api.internal.artifacts.transform.AbstractCachingTransformationWorkspaceProvider.lambda$withWorkspace$0(AbstractCachingTransformationWorkspaceProvider.java:54)\n    at com.google.common.cache.LocalCache$LocalManualCache$1.load(LocalCache.java:4717)\n    at com.google.common.cache.LocalCache$LoadingValueReference.loadFuture(LocalCache.java:3444)\n    at com.google.common.cache.LocalCache$Segment.loadSync(LocalCache.java:2193)\n    at com.google.common.cache.LocalCache$Segment.lockedGetOrLoad(LocalCache.java:2152)\n    at com.google.common.cache.LocalCache$Segment.get(LocalCache.java:2042)\n    at com.google.common.cache.LocalCache.get(LocalCache.java:3850)\n    at com.google.common.cache.LocalCache$LocalManualCache.get(LocalCache.java:4712)\n    at org.gradle.api.internal.artifacts.transform.AbstractCachingTransformationWorkspaceProvider.withWorkspace(AbstractCachingTransformationWorkspaceProvider.java:53)\n    at org.gradle.api.internal.artifacts.transform.DefaultTransformerInvoker.invoke(DefaultTransformerInvoker.java:116)\n    at org.gradle.api.internal.artifacts.transform.TransformationStep.lambda$transform$0(TransformationStep.java:104)\n    at org.gradle.internal.Try$Success.flatMap(Try.java:102)\n    at org.gradle.api.internal.artifacts.transform.TransformationStep.transform(TransformationStep.java:101)\n    at org.gradle.api.internal.artifacts.transform.TransformationChain.transform(TransformationChain.java:64)\n    at org.gradle.api.internal.artifacts.transform.TransformationOperation.run(TransformationOperation.java:41)\n    at org.gradle.internal.operations.DefaultBuildOperationExecutor$RunnableBuildOperationWorker.execute(DefaultBuildOperationExecutor.java:402)\n    at org.gradle.internal.operations.DefaultBuildOperationExecutor$RunnableBuildOperationWorker.execute(DefaultBuildOperationExecutor.java:394)\n    at org.gradle.internal.operations.DefaultBuildOperationExecutor$1.execute(DefaultBuildOperationExecutor.java:165)\n    at org.gradle.internal.operations.DefaultBuildOperationExecutor.execute(DefaultBuildOperationExecutor.java:250)\n    at org.gradle.internal.operations.DefaultBuildOperationExecutor.execute(DefaultBuildOperationExecutor.java:158)\n    at org.gradle.internal.operations.DefaultBuildOperationExecutor.access$1500(DefaultBuildOperationExecutor.java:49)\n    at org.gradle.internal.operations.DefaultBuildOperationExecutor$ParentPreservingQueueWorker.execute(DefaultBuildOperationExecutor.java:444)\n    at org.gradle.internal.operations.DefaultBuildOperationQueue$WorkerRunnable.runOperation(DefaultBuildOperationQueue.java:230)\n    at org.gradle.internal.operations.DefaultBuildOperationQueue$WorkerRunnable.access$600(DefaultBuildOperationQueue.java:172)\n    at org.gradle.internal.operations.DefaultBuildOperationQueue$WorkerRunnable$1.create(DefaultBuildOperationQueue.java:209)\n    at org.gradle.internal.operations.DefaultBuildOperationQueue$WorkerRunnable$1.create(DefaultBuildOperationQueue.java:203)\n    at org.gradle.internal.work.DefaultWorkerLeaseService.withLocks(DefaultWorkerLeaseService.java:183)\n    at org.gradle.internal.operations.DefaultBuildOperationQueue$WorkerRunnable.runBatch(DefaultBuildOperationQueue.java:203)\n    at org.gradle.internal.operations.DefaultBuildOperationQueue$WorkerRunnable.run(DefaultBuildOperationQueue.java:177)\n    at org.gradle.internal.operations.DefaultBuildOperationQueue.waitForCompletion(DefaultBuildOperationQueue.java:116)\n    at org.gradle.internal.operations.DefaultBuildOperationExecutor.executeInParallel(DefaultBuildOperationExecutor.java:144)\n    at org.gradle.internal.operations.DefaultBuildOperationExecutor.runAll(DefaultBuildOperationExecutor.java:117)\n    at org.gradle.internal.operations.DelegatingBuildOperationExecutor.runAll(DelegatingBuildOperationExecutor.java:46)\n    at org.gradle.api.internal.artifacts.ivyservice.resolveengine.artifact.ParallelResolveArtifactSet$VisitingSet.visit(ParallelResolveArtifactSet.java:61)\n    ... 152 more\nCaused by: java.lang.RuntimeException: Failed to transform 'C:\\Users\\hendre\\Documents\\FileSystem\\Lot 24 Media\\Android Workspace\\EziMax\\app\\libs\\ezimax-backend-client-0.0.1.jar' using Jetifier. Reason: null. (Run with --stacktrace for more details.)\n    at com.android.build.gradle.internal.dependency.JetifyTransform.transform(JetifyTransform.kt:118)\n    at org.gradle.api.internal.artifacts.transform.LegacyTransformer.transform(LegacyTransformer.java:76)\n    at org.gradle.api.internal.artifacts.transform.DefaultTransformerInvoker$TransformerExecution.execute(DefaultTransformerInvoker.java:274)\n    at org.gradle.internal.execution.steps.ExecuteStep.lambda$execute$1(ExecuteStep.java:33)\n    at java.util.Optional.orElseGet(Optional.java:267)\n    at org.gradle.internal.execution.steps.ExecuteStep.execute(ExecuteStep.java:33)\n    at org.gradle.internal.execution.steps.ExecuteStep.execute(ExecuteStep.java:26)\n    at org.gradle.internal.execution.steps.CleanupOutputsStep.execute(CleanupOutputsStep.java:58)\n    at org.gradle.internal.execution.steps.CleanupOutputsStep.execute(CleanupOutputsStep.java:35)\n    at org.gradle.internal.execution.steps.ResolveInputChangesStep.execute(ResolveInputChangesStep.java:48)\n    at org.gradle.internal.execution.steps.ResolveInputChangesStep.execute(ResolveInputChangesStep.java:33)\n    at org.gradle.internal.execution.steps.CancelExecutionStep.execute(CancelExecutionStep.java:39)\n    at org.gradle.internal.execution.steps.TimeoutStep.executeWithoutTimeout(TimeoutStep.java:73)\n    at org.gradle.internal.execution.steps.TimeoutStep.execute(TimeoutStep.java:54)\n    at org.gradle.internal.execution.steps.CatchExceptionStep.execute(CatchExceptionStep.java:35)\n    at org.gradle.internal.execution.steps.CreateOutputsStep.execute(CreateOutputsStep.java:51)\n    at org.gradle.internal.execution.steps.SnapshotOutputsStep.execute(SnapshotOutputsStep.java:45)\n    at org.gradle.internal.execution.steps.SnapshotOutputsStep.execute(SnapshotOutputsStep.java:31)\n    at org.gradle.internal.execution.steps.CacheStep.executeWithoutCache(CacheStep.java:201)\n    at org.gradle.internal.execution.steps.CacheStep.execute(CacheStep.java:70)\n    at org.gradle.internal.execution.steps.CacheStep.execute(CacheStep.java:45)\n    at org.gradle.internal.execution.steps.BroadcastChangingOutputsStep.execute(BroadcastChangingOutputsStep.java:49)\n    at org.gradle.internal.execution.steps.StoreSnapshotsStep.execute(StoreSnapshotsStep.java:43)\n    at org.gradle.internal.execution.steps.StoreSnapshotsStep.execute(StoreSnapshotsStep.java:32)\n    at org.gradle.internal.execution.steps.RecordOutputsStep.execute(RecordOutputsStep.java:38)\n    at org.gradle.internal.execution.steps.RecordOutputsStep.execute(RecordOutputsStep.java:24)\n    at org.gradle.internal.execution.steps.SkipUpToDateStep.executeBecause(SkipUpToDateStep.java:96)\n    at org.gradle.internal.execution.steps.SkipUpToDateStep.lambda$execute$0(SkipUpToDateStep.java:89)\n    at java.util.Optional.map(Optional.java:215)\n    at org.gradle.internal.execution.steps.SkipUpToDateStep.execute(SkipUpToDateStep.java:54)\n    at org.gradle.internal.execution.steps.SkipUpToDateStep.execute(SkipUpToDateStep.java:38)\n    at org.gradle.internal.execution.steps.ResolveChangesStep.execute(ResolveChangesStep.java:77)\n    at org.gradle.internal.execution.steps.ResolveChangesStep.execute(ResolveChangesStep.java:37)\n    at org.gradle.internal.execution.steps.legacy.MarkSnapshottingInputsFinishedStep.execute(MarkSnapshottingInputsFinishedStep.java:36)\n    at org.gradle.internal.execution.steps.legacy.MarkSnapshottingInputsFinishedStep.execute(MarkSnapshottingInputsFinishedStep.java:26)\n    at org.gradle.internal.execution.steps.ResolveCachingStateStep.execute(ResolveCachingStateStep.java:90)\n    at org.gradle.internal.execution.steps.ResolveCachingStateStep.execute(ResolveCachingStateStep.java:48)\n    at org.gradle.internal.execution.impl.DefaultWorkExecutor.execute(DefaultWorkExecutor.java:33)\n    at org.gradle.api.internal.artifacts.transform.DefaultTransformerInvoker.lambda$invoke$2(DefaultTransformerInvoker.java:148)\n    ... 194 more\n"], "code": ["implementation files('libs\\\\ezimax-rest-library-0.0.1.jar')\nimplementation files('libs\\\\ezimax-backend-client-0.0.1.jar'\n"], "symptom_rank": 2, "environment_rank": 28, "exception_message_rank": 15, "exception_stack_rank": 28, "title_rank": 0, "exception_message": "org.gradle.api.tasks.TaskExecutionException: Execution failed for task ':app:javaPreCompileDebug'.\n    at org.gradle.api.internal.tasks.execution.CatchExceptionTaskExecuter.execute(CatchExceptionTaskExecuter.java:38)\nCaused by: org.gradle.api.internal.artifacts.ivyservice.DefaultLenientConfiguration$ArtifactResolveException: Could not resolve all files for configuration ':app:debugCompileClasspath'.\n    at org.gradle.api.internal.tasks.execution.CatchExceptionTaskExecuter.execute(CatchExceptionTaskExecuter.java:36)\nCaused by: org.gradle.api.internal.artifacts.transform.TransformException: Failed to transform file 'ezimax-backend-client-0.0.1.jar' to match attributes {artifactType=android-classes, org.gradle.usage=java-runtime-jars}\nCaused by: org.gradle.api.internal.artifacts.transform.TransformException: Execution failed for JetifyTransform: C:\\Users\\hendre\\Documents\\FileSystem\\Lot 24 Media\\Android Workspace\\EziMax\\app\\libs\\ezimax-backend-client-0.0.1.jar.\nCaused by: java.lang.RuntimeException: Failed to transform 'C:\\Users\\hendre\\Documents\\FileSystem\\Lot 24 Media\\Android Workspace\\EziMax\\app\\libs\\ezimax-backend-client-0.0.1.jar' using Jetifier. Reason: null. (Run with --stacktrace for more details.)\n", "symptom_score": 94, "environment_score": 16, "exception_message_score": 55, "exception_stack_score": 16}, {"answer_id": "35378076", "title": "Error:Execution failed for task ':app:transformClassesWithDexForDebug' Gradle", "Score": 0, "ViewCount": 1922, "LastEditDate": "", "LastActivityDate": "2016-02-13 09:47:45", "AnswerScore": 1, "reason": [], "solution": ["On your default config add this: multidexEnabled true and then add this dependency to your project compile 'com.android.support:multidex:1.0. ", "For more information please refer to this link http://developer.android.com/intl/pt-br/tools/building/multidex.html#mdex-gradle. "], "answer_code": [], "environment": ["android-gradle-plugin", "android", "java"], "symptom": ["Error:Execution failed for task ':app:transformClassesWithDexForDebug'. -CODE-"], "exception_stack": ["\ncom.android.build.api.transform.TransformException: com.android.ide.common.process.ProcessException: org.gradle.process.internal.ExecException: Process 'command 'C:\\Program Files\\Java\\jdk1.7.0_79\\bin\\java.exe'' finished with non-zero exit value 2\n"], "code": ["apply plugin: 'com.android.application'\napply plugin: 'com.jakewharton.hugo'\n\nandroid {\n    compileSdkVersion 23\n    buildToolsVersion \"23.0.2\"\n\n    defaultConfig {\n        applicationId \"com.google.peep\"\n        minSdkVersion 19\n        targetSdkVersion 23\n        versionCode 1\n        versionName \"1.0.1\"\n    }\n\n\n    buildTypes {\n        release {\n            minifyEnabled false\n            proguardFiles getDefaultProguardFile('proguard-android.txt'), 'proguard-rules.pro'\n        }\n    }\n}\n\ndependencies {\n    compile fileTree(dir: 'libs', include: ['*.jar'])\n    testCompile 'junit:junit:4.12'\n    compile 'com.android.support:appcompat-v7:23.1.1'\n    compile 'com.android.support:support-v13:23.1.1'\n    compile 'com.android.support:support-v4:23.1.1'\n    compile 'com.android.support:palette-v7:23.1.1'\n    compile 'com.android.support:recyclerview-v7:23.1.1'\n    compile 'com.android.support:cardview-v7:23.1.1'\n    compile 'com.android.support:design:23.1.1'\n    compile 'com.jakewharton:butterknife:7.0.1'\n    compile 'com.jakewharton.timber:timber:4.1.0'\n    compile 'com.squareup.picasso:picasso:2.5.2'\n    compile 'com.parse.bolts:bolts-tasks:1.3.0'\n    compile 'com.parse:parse-android:1.11.0'\n    compile 'com.javon.parserecyclerviewadapter:parserecyclerviewadapter:1.0.4'\n}\n"], "environment_rank": 5, "exception_message_rank": 4, "exception_stack_rank": 12, "code_rank": 14, "exception_message": "com.android.build.api.transform.TransformException: com.android.ide.common.process.ProcessException: org.gradle.process.internal.ExecException: Process 'command 'C:\\Program Files\\Java\\jdk1.7.0_79\\bin\\java.exe'' finished with non-zero exit value 2\n", "environment_score": 85, "exception_message_score": 88, "exception_stack_score": 64, "code_score": 58}, {"answer_id": "34760586", "title": "Error:Execution failed for task ':app:transformClassesWithDexForDebug'", "Score": 1, "ViewCount": 2503, "LastEditDate": "2016-01-13 07:41:05", "LastActivityDate": "2016-01-13 11:01:21", "AnswerScore": 2, "reason": [], "solution": ["Just update this: -CODE-. "], "answer_code": ["compile 'com.android.support:design:23.0.1' \ncompile 'com.android.support:appcompat-v7:23.0.1'\n"], "environment": ["android-gradle-plugin", "android", "java"], "symptom": ["While I searched the error message, I got many smaller questions but none of them help me. ", "For me, this error happens while I am adding a Handler to update my UI. "], "exception_stack": ["    com.android.build.api.transform.TransformException:  \n    com.android.ide.common.process.ProcessException:                \n    org.gradle.process.internal.ExecException: Process \n    'command 'C:\\Program Files\\Java\\jdk1.8.0_60\\bin\\java.exe''\n    finished with non-zero exit value 2\n"], "code": [" apply plugin: 'com.android.application'\n\nandroid {\ncompileSdkVersion 23\nbuildToolsVersion \"23.0.1\"\n\ndefaultConfig {\n    applicationId \"com.medical.trofii\"\n    minSdkVersion 15\n    targetSdkVersion 23\n    versionCode 1\n    versionName \"1.0\"\n    packagingOptions {\n        exclude 'META-INF/DEPENDENCIES'\n        exclude 'META-INF/NOTICE'\n        exclude 'META-INF/LICENSE'\n    }\n}\nbuildTypes {\n    release {\n        minifyEnabled false\n        proguardFiles getDefaultProguardFile('proguard-android.txt'), 'proguard-rules.pro'\n    }\n}\n}\n\ndependencies {\ncompile fileTree(dir: 'libs', include: ['*.jar'])\ntestCompile 'junit:junit:4.12'\ncompile group: 'cz.msebera.android', name: 'httpclient', version: '4.4.1.1'\ncompile project(':rangeseekbar')\ncompile project(':library')\n\n\ncompile 'com.android.support:appcompat-v7:23.1.1'\ncompile 'it.dex.dexmovingimageview:dexmovingimageviewlib:0.1.0'\ncompile 'com.google.android.gms:play-services:8.3.0'\ncompile 'com.android.support:design:23.1.1'\ncompile 'com.android.support:support-v4:23.1.1'\ncompile 'com.github.rahatarmanahmed:circularprogressview:2.4.0'\ncompile 'com.github.traex.rippleeffect:library:1.3'\ncompile 'com.mcxiaoke.volley:library-aar:1.0.0'\ncompile 'cn.pedant.sweetalert:library:1.3'\ncompile 'com.mikhaellopez:circularimageview:2.1.1'\n"], "environment_rank": 4, "exception_message_rank": 10, "exception_stack_rank": 14, "code_rank": 17, "exception_message": "    com.android.build.api.transform.TransformException:  \n    com.android.ide.common.process.ProcessException:                \n    org.gradle.process.internal.ExecException: Process \n", "environment_score": 88, "exception_message_score": 70, "exception_stack_score": 58, "code_score": 49}, {"answer_id": "38208776", "title": "Android Studio returning Transform Exception error when I try to run on an emulator", "Score": 2, "ViewCount": 190, "LastEditDate": "2016-07-05 18:50:45", "LastActivityDate": "2016-07-05 19:17:10", "AnswerScore": 0, "reason": [], "solution": ["I essentially just opened up sample code of a different android studio project and mimicked the build.gradle. "], "answer_code": [], "environment": ["android", "android-studio", "java"], "symptom": ["I have spent the past 3 hours looking up similar questions and I feel like I have tried everything, to no success. ", "I am trying to run an app through an emulator but it keeps returning a 'transformClassesWithMultidexlistForDebug' error. ", "The program builds with no errors its just when I run it through an emulator that it causes me problems. ", "Below is my app gradle as well as the error message: -CODE-. "], "exception_stack": ["Preparing output jar [C:\\Users\\Omar\\AndroidStudioProjects\\Rentalinventory\\app\\build\\intermediates\\multi-dex\\debug\\componentClasses.jar]\nCopying resources from program jar [C:\\Users\\Omar\\AndroidStudioProjects\\Rentalinventory\\app\\build\\intermediates\\transforms\\jarMerging\\debug\\jars\\1\\1f\\combined.jar]\n:app:transformClassesWithMultidexlistForDebug FAILED\n\nFAILURE: Build failed with an exception.\n\n* What went wrong:\nExecution failed for task ':app:transformClassesWithMultidexlistForDebug'.\ncom.android.build.api.transform.TransformException: com.android.ide.common.process.ProcessException: org.gradle.process.internal.ExecException: Process 'command 'C:\\Program Files\\Java\\jdk1.7.0_79\\bin\\java.exe'' finished with non-zero exit value 1\n\n* Try:\nRun with --stacktrace option to get the stack trace. Run with --info or --debug option to get more log output.\n\nBUILD FAILED\n"], "code": ["apply plugin: 'com.android.application'\n\nandroid {\n    compileSdkVersion 23\n    buildToolsVersion \"24.0.0\"\n\n    defaultConfig {\n        applicationId \"com.moa.gsrental.rentalinventory\"\n        minSdkVersion 15\n        targetSdkVersion 23\n        versionCode 1\n        versionName \"1.0\"\n        multiDexEnabled true\n    }\n    buildTypes {\n        release {\n            minifyEnabled false\n            proguardFiles getDefaultProguardFile('proguard-android.txt'), 'proguard-rules.pro'\n        }\n    }\n}\n\ndependencies {\n    compile fileTree(dir: 'libs', include: ['*.jar'])\n    testCompile 'junit:junit:4.12'\n    compile 'com.android.support:appcompat-v7:+'\n    compile 'com.android.support:multidex:1.0.0'\n\n}\n"], "symptom_rank": 22, "exception_message_rank": 7, "exception_stack_rank": 25, "title_rank": 1, "exception_message": "com.android.build.api.transform.TransformException: com.android.ide.common.process.ProcessException: org.gradle.process.internal.ExecException: Process 'command 'C:\\Program Files\\Java\\jdk1.7.0_79\\bin\\java.exe'' finished with non-zero exit value 1\n", "symptom_score": 34, "exception_message_score": 79, "exception_stack_score": 25}]}))
  })
  </script>
</body>

</html>